mode: set
github.com/OpenReqEU/ri-orchestration-app/rest_handler.go:48.35,52.16 4 1
github.com/OpenReqEU/ri-orchestration-app/rest_handler.go:55.2,65.69 3 1
github.com/OpenReqEU/ri-orchestration-app/rest_handler.go:71.2,71.15 1 1
github.com/OpenReqEU/ri-orchestration-app/rest_handler.go:52.16,54.3 1 0
github.com/OpenReqEU/ri-orchestration-app/rest_handler.go:65.69,68.4 2 0
github.com/OpenReqEU/ri-orchestration-app/rest_handler.go:75.82,82.16 7 1
github.com/OpenReqEU/ri-orchestration-app/rest_handler.go:86.2,86.27 1 0
github.com/OpenReqEU/ri-orchestration-app/rest_handler.go:90.2,90.14 1 0
github.com/OpenReqEU/ri-orchestration-app/rest_handler.go:82.16,85.3 2 1
github.com/OpenReqEU/ri-orchestration-app/rest_handler.go:86.27,88.3 1 0
github.com/OpenReqEU/ri-orchestration-app/rest_handler.go:94.60,102.16 7 0
github.com/OpenReqEU/ri-orchestration-app/rest_handler.go:107.2,108.16 2 0
github.com/OpenReqEU/ri-orchestration-app/rest_handler.go:113.2,113.19 1 0
github.com/OpenReqEU/ri-orchestration-app/rest_handler.go:102.16,105.3 2 0
github.com/OpenReqEU/ri-orchestration-app/rest_handler.go:108.16,111.3 2 0
github.com/OpenReqEU/ri-orchestration-app/rest_handler.go:117.69,126.16 8 1
github.com/OpenReqEU/ri-orchestration-app/rest_handler.go:131.2,132.16 2 0
github.com/OpenReqEU/ri-orchestration-app/rest_handler.go:137.2,137.16 1 0
github.com/OpenReqEU/ri-orchestration-app/rest_handler.go:126.16,129.3 2 1
github.com/OpenReqEU/ri-orchestration-app/rest_handler.go:132.16,135.3 2 0
github.com/OpenReqEU/ri-orchestration-app/rest_handler.go:141.87,150.16 8 1
github.com/OpenReqEU/ri-orchestration-app/rest_handler.go:155.2,156.16 2 0
github.com/OpenReqEU/ri-orchestration-app/rest_handler.go:161.2,161.16 1 0
github.com/OpenReqEU/ri-orchestration-app/rest_handler.go:150.16,153.3 2 1
github.com/OpenReqEU/ri-orchestration-app/rest_handler.go:156.16,159.3 2 0
github.com/OpenReqEU/ri-orchestration-app/rest_handler.go:165.95,175.16 9 1
github.com/OpenReqEU/ri-orchestration-app/rest_handler.go:180.2,181.16 2 0
github.com/OpenReqEU/ri-orchestration-app/rest_handler.go:186.2,186.19 1 0
github.com/OpenReqEU/ri-orchestration-app/rest_handler.go:175.16,178.3 2 1
github.com/OpenReqEU/ri-orchestration-app/rest_handler.go:181.16,184.3 2 0
github.com/OpenReqEU/ri-orchestration-app/rest_handler.go:190.88,199.16 8 1
github.com/OpenReqEU/ri-orchestration-app/rest_handler.go:204.2,204.13 1 0
github.com/OpenReqEU/ri-orchestration-app/rest_handler.go:199.16,202.3 2 1
github.com/OpenReqEU/ri-orchestration-app/rest_handler.go:208.69,216.16 8 1
github.com/OpenReqEU/ri-orchestration-app/rest_handler.go:221.2,221.13 1 0
github.com/OpenReqEU/ri-orchestration-app/rest_handler.go:216.16,219.3 2 1
github.com/OpenReqEU/ri-orchestration-app/rest_handler.go:225.102,235.16 9 1
github.com/OpenReqEU/ri-orchestration-app/rest_handler.go:240.2,241.16 2 0
github.com/OpenReqEU/ri-orchestration-app/rest_handler.go:246.2,246.30 1 0
github.com/OpenReqEU/ri-orchestration-app/rest_handler.go:235.16,238.3 2 1
github.com/OpenReqEU/ri-orchestration-app/rest_handler.go:241.16,244.3 2 0
github.com/OpenReqEU/ri-orchestration-app/set.go:17.20,21.2 3 1
github.com/OpenReqEU/ri-orchestration-app/set.go:23.50,25.2 1 0
github.com/OpenReqEU/ri-orchestration-app/set.go:27.36,29.2 1 0
github.com/OpenReqEU/ri-orchestration-app/set.go:31.43,34.2 2 0
github.com/OpenReqEU/ri-orchestration-app/set.go:36.31,38.23 2 0
github.com/OpenReqEU/ri-orchestration-app/set.go:42.2,42.32 1 0
github.com/OpenReqEU/ri-orchestration-app/set.go:38.23,40.3 1 0
github.com/OpenReqEU/ri-orchestration-app/starter.go:14.13,17.2 2 0
github.com/OpenReqEU/ri-orchestration-app/starter.go:19.31,24.2 4 1
github.com/OpenReqEU/ri-orchestration-app/starter.go:34.71,42.9 6 1
github.com/OpenReqEU/ri-orchestration-app/starter.go:49.2,52.98 3 0
github.com/OpenReqEU/ri-orchestration-app/starter.go:42.9,46.3 3 1
github.com/OpenReqEU/ri-orchestration-app/starter.go:65.71,94.2 17 1
github.com/OpenReqEU/ri-orchestration-app/observer.go:11.24,15.54 3 0
github.com/OpenReqEU/ri-orchestration-app/observer.go:24.2,24.18 1 0
github.com/OpenReqEU/ri-orchestration-app/observer.go:15.54,17.45 2 0
github.com/OpenReqEU/ri-orchestration-app/observer.go:17.45,22.4 4 0
github.com/OpenReqEU/ri-orchestration-app/observer.go:27.24,29.2 1 0
github.com/OpenReqEU/ri-orchestration-app/observer.go:31.27,32.60 1 0
github.com/OpenReqEU/ri-orchestration-app/observer.go:32.60,34.3 1 0
github.com/OpenReqEU/ri-orchestration-app/observer.go:37.50,38.18 1 0
github.com/OpenReqEU/ri-orchestration-app/observer.go:39.18,40.23 1 0
github.com/OpenReqEU/ri-orchestration-app/observer.go:41.16,42.19 1 0
github.com/OpenReqEU/ri-orchestration-app/observer.go:43.15,44.18 1 0
github.com/OpenReqEU/ri-orchestration-app/observer.go:45.16,46.19 1 0
github.com/OpenReqEU/ri-orchestration-app/observer.go:47.17,48.20 1 0
github.com/OpenReqEU/ri-orchestration-app/observer.go:49.10,50.18 1 0
github.com/OpenReqEU/ri-orchestration-app/observer.go:54.68,56.2 1 0
github.com/OpenReqEU/ri-orchestration-app/observer.go:58.84,60.2 1 0
github.com/OpenReqEU/ri-orchestration-app/observer.go:62.68,64.2 1 0
github.com/OpenReqEU/ri-orchestration-app/observer.go:67.27,68.21 1 0
github.com/OpenReqEU/ri-orchestration-app/observer.go:71.2,71.19 1 0
github.com/OpenReqEU/ri-orchestration-app/observer.go:68.21,70.3 1 0
