mode: set
github.com/OpenReqEU/ri-orchestration-app/rest_handler.go:48.35,52.16 4 1
github.com/OpenReqEU/ri-orchestration-app/rest_handler.go:55.2,65.69 3 1
github.com/OpenReqEU/ri-orchestration-app/rest_handler.go:71.2,71.15 1 1
github.com/OpenReqEU/ri-orchestration-app/rest_handler.go:52.16,54.3 1 0
github.com/OpenReqEU/ri-orchestration-app/rest_handler.go:65.69,68.4 2 0
github.com/OpenReqEU/ri-orchestration-app/rest_handler.go:75.82,82.16 7 1
github.com/OpenReqEU/ri-orchestration-app/rest_handler.go:86.2,86.27 1 1
github.com/OpenReqEU/ri-orchestration-app/rest_handler.go:90.2,90.14 1 0
github.com/OpenReqEU/ri-orchestration-app/rest_handler.go:82.16,85.3 2 0
github.com/OpenReqEU/ri-orchestration-app/rest_handler.go:86.27,88.3 1 1
github.com/OpenReqEU/ri-orchestration-app/rest_handler.go:94.60,102.16 7 1
github.com/OpenReqEU/ri-orchestration-app/rest_handler.go:107.2,108.16 2 1
github.com/OpenReqEU/ri-orchestration-app/rest_handler.go:113.2,113.19 1 1
github.com/OpenReqEU/ri-orchestration-app/rest_handler.go:102.16,105.3 2 0
github.com/OpenReqEU/ri-orchestration-app/rest_handler.go:108.16,111.3 2 0
github.com/OpenReqEU/ri-orchestration-app/rest_handler.go:117.69,126.16 8 1
github.com/OpenReqEU/ri-orchestration-app/rest_handler.go:131.2,132.16 2 1
github.com/OpenReqEU/ri-orchestration-app/rest_handler.go:137.2,137.16 1 0
github.com/OpenReqEU/ri-orchestration-app/rest_handler.go:126.16,129.3 2 0
github.com/OpenReqEU/ri-orchestration-app/rest_handler.go:132.16,135.3 2 1
github.com/OpenReqEU/ri-orchestration-app/rest_handler.go:141.87,150.16 8 1
github.com/OpenReqEU/ri-orchestration-app/rest_handler.go:155.2,156.16 2 1
github.com/OpenReqEU/ri-orchestration-app/rest_handler.go:161.2,161.16 1 1
github.com/OpenReqEU/ri-orchestration-app/rest_handler.go:150.16,153.3 2 0
github.com/OpenReqEU/ri-orchestration-app/rest_handler.go:156.16,159.3 2 0
github.com/OpenReqEU/ri-orchestration-app/rest_handler.go:165.95,175.16 9 1
github.com/OpenReqEU/ri-orchestration-app/rest_handler.go:180.2,181.16 2 1
github.com/OpenReqEU/ri-orchestration-app/rest_handler.go:186.2,186.19 1 1
github.com/OpenReqEU/ri-orchestration-app/rest_handler.go:175.16,178.3 2 0
github.com/OpenReqEU/ri-orchestration-app/rest_handler.go:181.16,184.3 2 0
github.com/OpenReqEU/ri-orchestration-app/rest_handler.go:190.88,199.16 8 1
github.com/OpenReqEU/ri-orchestration-app/rest_handler.go:204.2,204.13 1 1
github.com/OpenReqEU/ri-orchestration-app/rest_handler.go:199.16,202.3 2 0
github.com/OpenReqEU/ri-orchestration-app/rest_handler.go:208.69,216.16 8 1
github.com/OpenReqEU/ri-orchestration-app/rest_handler.go:221.2,221.13 1 1
github.com/OpenReqEU/ri-orchestration-app/rest_handler.go:216.16,219.3 2 0
github.com/OpenReqEU/ri-orchestration-app/rest_handler.go:225.102,235.16 9 1
github.com/OpenReqEU/ri-orchestration-app/rest_handler.go:240.2,241.16 2 1
github.com/OpenReqEU/ri-orchestration-app/rest_handler.go:246.2,246.30 1 1
github.com/OpenReqEU/ri-orchestration-app/rest_handler.go:235.16,238.3 2 0
github.com/OpenReqEU/ri-orchestration-app/rest_handler.go:241.16,244.3 2 0
github.com/OpenReqEU/ri-orchestration-app/set.go:13.20,17.2 3 1
github.com/OpenReqEU/ri-orchestration-app/set.go:19.50,21.2 1 1
github.com/OpenReqEU/ri-orchestration-app/starter.go:14.13,17.2 2 0
github.com/OpenReqEU/ri-orchestration-app/starter.go:19.31,24.2 4 1
github.com/OpenReqEU/ri-orchestration-app/starter.go:34.71,42.9 6 1
github.com/OpenReqEU/ri-orchestration-app/starter.go:49.2,52.98 3 1
github.com/OpenReqEU/ri-orchestration-app/starter.go:42.9,46.3 3 0
github.com/OpenReqEU/ri-orchestration-app/starter.go:65.71,94.2 17 1
github.com/OpenReqEU/ri-orchestration-app/observer.go:11.24,15.54 3 1
github.com/OpenReqEU/ri-orchestration-app/observer.go:21.2,21.18 1 1
github.com/OpenReqEU/ri-orchestration-app/observer.go:15.54,17.45 2 1
github.com/OpenReqEU/ri-orchestration-app/observer.go:17.45,19.4 1 0
github.com/OpenReqEU/ri-orchestration-app/observer.go:24.36,30.2 4 1
github.com/OpenReqEU/ri-orchestration-app/observer.go:32.24,34.2 1 1
github.com/OpenReqEU/ri-orchestration-app/observer.go:36.27,37.60 1 1
github.com/OpenReqEU/ri-orchestration-app/observer.go:37.60,39.3 1 1
github.com/OpenReqEU/ri-orchestration-app/observer.go:42.50,51.59 2 1
github.com/OpenReqEU/ri-orchestration-app/observer.go:51.59,53.3 1 1
github.com/OpenReqEU/ri-orchestration-app/observer.go:53.8,55.3 1 1
github.com/OpenReqEU/ri-orchestration-app/observer.go:58.68,60.2 1 1
github.com/OpenReqEU/ri-orchestration-app/observer.go:62.84,64.2 1 1
github.com/OpenReqEU/ri-orchestration-app/observer.go:66.68,68.2 1 1
github.com/OpenReqEU/ri-orchestration-app/observer.go:71.27,72.21 1 1
github.com/OpenReqEU/ri-orchestration-app/observer.go:75.2,75.19 1 1
github.com/OpenReqEU/ri-orchestration-app/observer.go:72.21,74.3 1 1
